<?xml version="1.0" encoding="UTF-8"?>
<!-- Generated by org.testng.reporters.JUnitReportReporter -->
<testsuite hostname="DESKTOP-9KN64C1" failures="0" tests="1" name="Test.CreateAccountTest" time="17.328" errors="0" timestamp="2023-07-07T12:34:21 IST" skipped="0">
  <testcase classname="Test.CreateAccountTest" name="testlogin" time="17.328"/>
  <system-out/>
</testsuite> <!-- Test.CreateAccountTest -->
